{
  "RSpec": {
    "coverage": {
      "/Users/ad00m/Documents/DevPoint/Week_5/Day_2/lab_project/cadaver_sell/config/environment.rb": [
        null,
        1,
        null,
        null,
        1
      ],
      "/Users/ad00m/Documents/DevPoint/Week_5/Day_2/lab_project/cadaver_sell/config/application.rb": [
        1,
        null,
        1,
        null,
        1,
        1,
        1,
        1,
        1,
        1,
        1,
        1,
        null,
        null,
        null,
        null,
        1,
        null,
        1,
        1,
        null,
        1,
        null,
        null,
        null,
        null,
        null,
        null,
        1,
        null,
        null
      ],
      "/Users/ad00m/Documents/DevPoint/Week_5/Day_2/lab_project/cadaver_sell/config/boot.rb": [
        1,
        null,
        1
      ],
      "/Users/ad00m/Documents/DevPoint/Week_5/Day_2/lab_project/cadaver_sell/config/environments/test.rb": [
        1,
        null,
        null,
        null,
        null,
        null,
        null,
        1,
        null,
        null,
        null,
        null,
        1,
        null,
        null,
        1,
        1,
        null,
        null,
        null,
        null,
        1,
        1,
        null,
        null,
        1,
        null,
        null,
        1,
        1,
        null,
        null,
        null,
        null,
        1,
        null,
        null,
        1,
        null,
        null,
        null,
        null
      ],
      "/Users/ad00m/Documents/DevPoint/Week_5/Day_2/lab_project/cadaver_sell/config/initializers/application_controller_renderer.rb": [
        null,
        null,
        null,
        null,
        null,
        null,
        null,
        null
      ],
      "/Users/ad00m/Documents/DevPoint/Week_5/Day_2/lab_project/cadaver_sell/config/initializers/assets.rb": [
        null,
        null,
        null,
        1,
        null,
        null,
        null,
        null,
        1,
        null,
        null,
        null,
        null,
        null
      ],
      "/Users/ad00m/Documents/DevPoint/Week_5/Day_2/lab_project/cadaver_sell/config/initializers/backtrace_silencers.rb": [
        null,
        null,
        null,
        null,
        null,
        null,
        null
      ],
      "/Users/ad00m/Documents/DevPoint/Week_5/Day_2/lab_project/cadaver_sell/config/initializers/cookies_serializer.rb": [
        null,
        null,
        null,
        null,
        1
      ],
      "/Users/ad00m/Documents/DevPoint/Week_5/Day_2/lab_project/cadaver_sell/config/initializers/devise.rb": [
        null,
        null,
        1,
        null,
        null,
        null,
        null,
        null,
        null,
        null,
        null,
        null,
        null,
        null,
        1,
        null,
        null,
        null,
        null,
        null,
        null,
        null,
        null,
        null,
        null,
        null,
        1,
        null,
        null,
        null,
        null,
        null,
        null,
        null,
        null,
        null,
        null,
        null,
        null,
        null,
        null,
        null,
        null,
        null,
        null,
        null,
        null,
        null,
        1,
        null,
        null,
        null,
        null,
        1,
        null,
        null,
        null,
        null,
        null,
        null,
        null,
        null,
        null,
        null,
        null,
        null,
        null,
        null,
        null,
        null,
        null,
        null,
        null,
        null,
        null,
        null,
        null,
        null,
        null,
        null,
        null,
        null,
        null,
        null,
        1,
        null,
        null,
        null,
        null,
        null,
        null,
        null,
        null,
        null,
        null,
        null,
        null,
        null,
        null,
        null,
        null,
        null,
        null,
        null,
        null,
        null,
        null,
        1,
        null,
        null,
        null,
        null,
        null,
        null,
        null,
        null,
        null,
        null,
        null,
        null,
        null,
        null,
        null,
        null,
        null,
        null,
        null,
        null,
        null,
        null,
        null,
        null,
        null,
        null,
        null,
        null,
        null,
        null,
        1,
        null,
        null,
        null,
        null,
        null,
        null,
        null,
        null,
        null,
        1,
        null,
        null,
        null,
        null,
        null,
        null,
        null,
        null,
        null,
        null,
        1,
        null,
        null,
        null,
        null,
        1,
        null,
        null,
        null,
        null,
        null,
        null,
        null,
        null,
        null,
        null,
        null,
        null,
        null,
        null,
        null,
        null,
        null,
        null,
        null,
        null,
        null,
        null,
        null,
        null,
        null,
        null,
        null,
        null,
        null,
        null,
        null,
        null,
        null,
        null,
        null,
        null,
        null,
        null,
        null,
        null,
        1,
        null,
        null,
        null,
        null,
        null,
        null,
        null,
        null,
        null,
        null,
        null,
        null,
        null,
        null,
        null,
        null,
        null,
        null,
        null,
        null,
        null,
        null,
        null,
        null,
        null,
        null,
        null,
        null,
        null,
        null,
        null,
        null,
        null,
        null,
        null,
        null,
        null,
        null,
        null,
        null,
        null,
        1,
        null,
        null,
        null,
        null,
        null,
        null,
        null,
        null,
        null,
        null,
        null,
        null,
        null,
        null,
        null,
        null,
        null,
        null,
        null,
        null,
        null,
        null,
        null,
        null,
        null,
        null,
        null,
        null,
        null
      ],
      "/Users/ad00m/Documents/DevPoint/Week_5/Day_2/lab_project/cadaver_sell/config/initializers/filter_parameter_logging.rb": [
        null,
        null,
        null,
        1
      ],
      "/Users/ad00m/Documents/DevPoint/Week_5/Day_2/lab_project/cadaver_sell/config/initializers/inflections.rb": [
        null,
        null,
        null,
        null,
        null,
        null,
        null,
        null,
        null,
        null,
        null,
        null,
        null,
        null,
        null,
        null
      ],
      "/Users/ad00m/Documents/DevPoint/Week_5/Day_2/lab_project/cadaver_sell/config/initializers/mime_types.rb": [
        null,
        null,
        null,
        null
      ],
      "/Users/ad00m/Documents/DevPoint/Week_5/Day_2/lab_project/cadaver_sell/config/initializers/wrap_parameters.rb": [
        null,
        null,
        null,
        null,
        null,
        null,
        1,
        2,
        null,
        null,
        null,
        null,
        null,
        null
      ],
      "/Users/ad00m/Documents/DevPoint/Week_5/Day_2/lab_project/cadaver_sell/config/routes.rb": [
        1,
        1,
        1,
        null,
        1,
        null
      ],
      "/Users/ad00m/Documents/DevPoint/Week_5/Day_2/lab_project/cadaver_sell/app/models/user.rb": [
        1,
        null,
        null,
        1,
        null,
        1,
        1,
        null,
        null,
        null,
        1,
        null
      ],
      "/Users/ad00m/Documents/DevPoint/Week_5/Day_2/lab_project/cadaver_sell/app/models/application_record.rb": [
        1,
        1,
        null
      ],
      "/Users/ad00m/Documents/DevPoint/Week_5/Day_2/lab_project/cadaver_sell/app/helpers/application_helper.rb": [
        1,
        null
      ],
      "/Users/ad00m/Documents/DevPoint/Week_5/Day_2/lab_project/cadaver_sell/spec/support/controller_macros.rb": [
        1,
        1,
        1,
        14,
        14,
        null,
        null,
        null,
        null,
        null,
        null,
        null,
        null,
        14,
        null,
        null,
        null
      ],
      "/Users/ad00m/Documents/DevPoint/Week_5/Day_2/lab_project/cadaver_sell/app/controllers/cadavers_controller.rb": [
        1,
        1,
        null,
        1,
        1,
        null,
        null,
        1,
        null,
        null,
        1,
        1,
        null,
        null,
        1,
        4,
        4,
        2,
        null,
        2,
        null,
        null,
        null,
        1,
        null,
        null,
        1,
        4,
        2,
        null,
        2,
        null,
        null,
        null,
        1,
        2,
        2,
        null,
        null,
        1,
        null,
        1,
        8,
        null,
        null,
        1,
        8,
        null,
        null,
        null,
        null,
        null,
        null,
        null,
        null,
        null,
        null
      ],
      "/Users/ad00m/Documents/DevPoint/Week_5/Day_2/lab_project/cadaver_sell/app/controllers/application_controller.rb": [
        1,
        1,
        1,
        1,
        1,
        0,
        null,
        null
      ],
      "/Users/ad00m/Documents/DevPoint/Week_5/Day_2/lab_project/cadaver_sell/spec/models/cadaver_spec.rb": [
        1,
        null,
        1,
        1,
        2,
        2,
        2,
        2,
        2,
        1,
        1,
        null,
        null,
        1,
        1,
        null,
        null,
        null,
        null,
        1,
        2,
        null,
        null
      ],
      "/Users/ad00m/Documents/DevPoint/Week_5/Day_2/lab_project/cadaver_sell/app/models/cadaver.rb": [
        1,
        1,
        null,
        1,
        1,
        null,
        null,
        null,
        null
      ],
      "/Users/ad00m/Documents/DevPoint/Week_5/Day_2/lab_project/cadaver_sell/spec/models/user_spec.rb": [
        1,
        null,
        1,
        1,
        2,
        2,
        2,
        2,
        1,
        1,
        null,
        null,
        1,
        1,
        null,
        null,
        null,
        null,
        1,
        2,
        null,
        null,
        null
      ],
      "/Users/ad00m/Documents/DevPoint/Week_5/Day_2/lab_project/cadaver_sell/spec/views/cadavers/edit.html.erb_spec.rb": [
        1,
        null,
        1,
        1,
        null
      ],
      "/Users/ad00m/Documents/DevPoint/Week_5/Day_2/lab_project/cadaver_sell/spec/views/cadavers/index.html.erb_spec.rb": [
        1,
        null,
        1,
        1,
        null
      ],
      "/Users/ad00m/Documents/DevPoint/Week_5/Day_2/lab_project/cadaver_sell/spec/views/cadavers/new.html.erb_spec.rb": [
        1,
        null,
        1,
        1,
        null
      ],
      "/Users/ad00m/Documents/DevPoint/Week_5/Day_2/lab_project/cadaver_sell/spec/views/cadavers/show.html.erb_spec.rb": [
        1,
        null,
        1,
        1,
        null
      ]
    },
    "timestamp": 1505278579
  }
}
